d:\khj\project-sannabi\sannabi\x64\debug\sannabi.pch
d:\khj\project-sannabi\sannabi\x64\debug\vc143.pdb
d:\khj\project-sannabi\sannabi\x64\debug\vc143.idb
d:\khj\project-sannabi\sannabi\x64\debug\pch.obj
d:\khj\project-sannabi\sannabi\x64\debug\playercontroller.obj
d:\khj\project-sannabi\sannabi\x64\debug\player.obj
d:\khj\project-sannabi\sannabi\x64\debug\lobbyscene.obj
d:\khj\project-sannabi\sannabi\x64\debug\inputmanager.obj
d:\khj\project-sannabi\sannabi\x64\debug\grapplinghookprojectilepool.obj
d:\khj\project-sannabi\sannabi\x64\debug\grapplinghookprojectile.obj
d:\khj\project-sannabi\sannabi\x64\debug\grapplingcomponent.obj
d:\khj\project-sannabi\sannabi\x64\debug\gamescene.obj
d:\khj\project-sannabi\sannabi\x64\debug\engine.obj
d:\khj\project-sannabi\sannabi\x64\debug\enemy.obj
d:\khj\project-sannabi\sannabi\x64\debug\editorscene.obj
d:\khj\project-sannabi\sannabi\x64\debug\defines.obj
d:\khj\project-sannabi\sannabi\x64\debug\component.obj
d:\khj\project-sannabi\sannabi\x64\debug\collisionmanager.obj
d:\khj\project-sannabi\sannabi\x64\debug\collisioncomponent.obj
d:\khj\project-sannabi\sannabi\x64\debug\cameramanager.obj
d:\khj\project-sannabi\sannabi\x64\debug\bulletpool.obj
d:\khj\project-sannabi\sannabi\x64\debug\bullet.obj
d:\khj\project-sannabi\sannabi\x64\debug\animator.obj
d:\khj\project-sannabi\sannabi\x64\debug\actor.obj
d:\khj\project-sannabi\sannabi\x64\debug\sannabi.obj
d:\khj\project-sannabi\sannabi\x64\debug\spriterendercomponent.obj
d:\khj\project-sannabi\sannabi\x64\debug\physicscomponent.obj
d:\khj\project-sannabi\sannabi\x64\debug\uimanager.obj
d:\khj\project-sannabi\sannabi\x64\debug\turret.obj
d:\khj\project-sannabi\sannabi\x64\debug\timermanager.obj
d:\khj\project-sannabi\sannabi\x64\debug\tilemap.obj
d:\khj\project-sannabi\sannabi\x64\debug\tileeditor.obj
d:\khj\project-sannabi\sannabi\x64\debug\tilecollisionadapter.obj
d:\khj\project-sannabi\sannabi\x64\debug\textureresource.obj
d:\khj\project-sannabi\sannabi\x64\debug\testground.obj
d:\khj\project-sannabi\sannabi\x64\debug\spriteanimation.obj
d:\khj\project-sannabi\sannabi\x64\debug\singleton.obj
d:\khj\project-sannabi\sannabi\x64\debug\scenemanager.obj
d:\khj\project-sannabi\sannabi\x64\debug\scene.obj
d:\khj\project-sannabi\sannabi\x64\debug\resourcemanager.obj
d:\khj\project-sannabi\x64\debug\sannabi.exe
d:\khj\project-sannabi\x64\debug\sannabi.pdb
d:\khj\project-sannabi\sannabi\x64\debug\sannabi.res
d:\khj\project-sannabi\sannabi\x64\debug\sannabi.ilk
d:\khj\project-sannabi\sannabi\x64\debug\editorscene.new.obj.enc
d:\khj\project-sannabi\sannabi\x64\debug\tileeditor.new.obj.enc
d:\khj\project-sannabi\sannabi\x64\debug\sannabi.tlog\cl.command.1.tlog
d:\khj\project-sannabi\sannabi\x64\debug\sannabi.tlog\cl.items.tlog
d:\khj\project-sannabi\sannabi\x64\debug\sannabi.tlog\cl.read.1.tlog
d:\khj\project-sannabi\sannabi\x64\debug\sannabi.tlog\cl.write.1.tlog
d:\khj\project-sannabi\sannabi\x64\debug\sannabi.tlog\link.command.1.tlog
d:\khj\project-sannabi\sannabi\x64\debug\sannabi.tlog\link.read.1.tlog
d:\khj\project-sannabi\sannabi\x64\debug\sannabi.tlog\link.secondary.1.tlog
d:\khj\project-sannabi\sannabi\x64\debug\sannabi.tlog\link.write.1.tlog
d:\khj\project-sannabi\sannabi\x64\debug\sannabi.tlog\rc.command.1.tlog
d:\khj\project-sannabi\sannabi\x64\debug\sannabi.tlog\rc.read.1.tlog
d:\khj\project-sannabi\sannabi\x64\debug\sannabi.tlog\rc.write.1.tlog
