  pch.cpp
C:\KHJ\SVN\Project-SANNABI\Defines.h(45,22): warning C4244: 'initializing': conversion from 'LONG' to 'float', possible loss of data
C:\KHJ\SVN\Project-SANNABI\Defines.h(45,31): warning C4244: 'initializing': conversion from 'LONG' to 'float', possible loss of data
  Actor.cpp
  Animator.cpp
  CameraManager.cpp
  CollisionComponent.cpp
C:\KHJ\SVN\Project-SANNABI\CollisionComponent.cpp(27,11): warning C4244: 'initializing': conversion from 'float' to 'int', possible loss of data
C:\KHJ\SVN\Project-SANNABI\CollisionComponent.cpp(28,10): warning C4244: 'initializing': conversion from 'float' to 'int', possible loss of data
C:\KHJ\SVN\Project-SANNABI\CollisionComponent.cpp(29,12): warning C4244: 'initializing': conversion from 'float' to 'int', possible loss of data
C:\KHJ\SVN\Project-SANNABI\CollisionComponent.cpp(30,13): warning C4244: 'initializing': conversion from 'float' to 'int', possible loss of data
C:\KHJ\SVN\Project-SANNABI\CollisionComponent.cpp(59,25): warning C4244: '=': conversion from 'float' to 'LONG', possible loss of data
C:\KHJ\SVN\Project-SANNABI\CollisionComponent.cpp(60,24): warning C4244: '=': conversion from 'float' to 'LONG', possible loss of data
C:\KHJ\SVN\Project-SANNABI\CollisionComponent.cpp(61,26): warning C4244: '=': conversion from 'float' to 'LONG', possible loss of data
C:\KHJ\SVN\Project-SANNABI\CollisionComponent.cpp(62,27): warning C4244: '=': conversion from 'float' to 'LONG', possible loss of data
  CollisionManager.cpp
C:\KHJ\SVN\Project-SANNABI\CollisionManager.cpp(106,17): warning C4244: 'initializing': conversion from 'LONG' to 'float', possible loss of data
C:\KHJ\SVN\Project-SANNABI\CollisionManager.cpp(107,17): warning C4244: 'initializing': conversion from 'LONG' to 'float', possible loss of data
  Component.cpp
  Defines.cpp
  Engine.cpp
  GameScene.cpp
  GrapplingComponent.cpp
  GrapplingHookProjectile.cpp
  GrapplingHookProjectilePool.cpp
  InputManager.cpp
  LobbyScene.cpp
  Player.cpp
  PlayerController.cpp
  ResourceManager.cpp
  Scene.cpp
  SceneManager.cpp
  Singleton.cpp
  Generating Code...
  Compiling...
  SpriteAnimation.cpp
  TestGround.cpp
  TextureResource.cpp
C:\KHJ\SVN\Project-SANNABI\TextureResource.cpp(52,16): warning C4244: 'argument': conversion from 'float' to 'int', possible loss of data
C:\KHJ\SVN\Project-SANNABI\TextureResource.cpp(51,16): warning C4244: 'argument': conversion from 'float' to 'int', possible loss of data
C:\KHJ\SVN\Project-SANNABI\TextureResource.cpp(64,16): warning C4244: 'argument': conversion from 'float' to 'int', possible loss of data
C:\KHJ\SVN\Project-SANNABI\TextureResource.cpp(63,16): warning C4244: 'argument': conversion from 'float' to 'int', possible loss of data
C:\KHJ\SVN\Project-SANNABI\TextureResource.cpp(82,40): warning C4244: 'argument': conversion from 'int' to 'float', possible loss of data
C:\KHJ\SVN\Project-SANNABI\TextureResource.cpp(82,28): warning C4244: 'argument': conversion from 'int' to 'float', possible loss of data
C:\KHJ\SVN\Project-SANNABI\TextureResource.cpp(85,13): warning C4244: 'initializing': conversion from 'float' to 'int', possible loss of data
C:\KHJ\SVN\Project-SANNABI\TextureResource.cpp(90,12): warning C4244: 'argument': conversion from 'float' to 'int', possible loss of data
C:\KHJ\SVN\Project-SANNABI\TextureResource.cpp(102,12): warning C4244: 'argument': conversion from 'float' to 'int', possible loss of data
  TimerManager.cpp
  UIManager.cpp
  PhysicsComponent.cpp
  SpriteRenderComponent.cpp
  SANNABI.cpp
  Generating Code...
  SANNABI.vcxproj -> C:\KHJ\SVN\Project-SANNABI\x64\Debug\SANNABI.exe
